[2020-08-30 12:18:29] merlin-logger.DEBUG: The welcome step has been displayed [] []
[2020-08-30 12:18:42] merlin-logger.DEBUG: The welcome step has been displayed [] []
[2020-08-30 12:18:46] merlin-logger.DEBUG: The plugin installation step has been displayed [] []
[2020-08-30 12:18:48] merlin-logger.DEBUG: A plugin with the following data will be processed {"plugin_slug":"redux-framework","message":"Installing"} []
[2020-08-30 12:19:03] merlin-logger.DEBUG: A plugin with the following data will be processed {"plugin_slug":"redux-framework","message":"Installing"} []
[2020-08-30 12:19:04] merlin-logger.DEBUG: A plugin with the following data will be processed {"plugin_slug":"entry-views","message":"Installing"} []
[2020-08-30 12:19:20] merlin-logger.DEBUG: A plugin with the following data will be processed {"plugin_slug":"entry-views","message":"Installing"} []
[2020-08-30 12:19:21] merlin-logger.DEBUG: A plugin with the following data will be processed {"plugin_slug":"envato-market","message":"Installing"} []
[2020-08-30 12:19:49] merlin-logger.DEBUG: A plugin with the following data was processed {"plugin_slug":"envato-market"} []
[2020-08-30 12:19:49] merlin-logger.DEBUG: A plugin with the following data will be processed {"plugin_slug":"force-regenerate-thumbnails","message":"Installing"} []
[2020-08-30 12:20:19] merlin-logger.DEBUG: A plugin with the following data will be processed {"plugin_slug":"force-regenerate-thumbnails","message":"Installing"} []
[2020-08-30 12:20:20] merlin-logger.DEBUG: A plugin with the following data will be processed {"plugin_slug":"meks-easy-ads-widget","message":"Installing"} []
[2020-08-30 12:20:35] merlin-logger.DEBUG: A plugin with the following data will be processed {"plugin_slug":"meks-easy-ads-widget","message":"Installing"} []
[2020-08-30 12:20:36] merlin-logger.DEBUG: A plugin with the following data will be processed {"plugin_slug":"meks-easy-instagram-widget","message":"Installing"} []
[2020-08-30 12:20:41] merlin-logger.DEBUG: A plugin with the following data will be processed {"plugin_slug":"meks-easy-instagram-widget","message":"Installing"} []
[2020-08-30 12:20:41] merlin-logger.DEBUG: A plugin with the following data will be processed {"plugin_slug":"meks-easy-social-share","message":"Installing"} []
[2020-08-30 12:20:58] merlin-logger.DEBUG: A plugin with the following data will be processed {"plugin_slug":"meks-easy-social-share","message":"Installing"} []
[2020-08-30 12:20:59] merlin-logger.DEBUG: A plugin with the following data will be processed {"plugin_slug":"meks-flexible-shortcodes","message":"Installing"} []
[2020-08-30 12:21:12] merlin-logger.DEBUG: The plugin installation step has been displayed [] []
[2020-08-30 12:21:58] merlin-logger.DEBUG: A plugin with the following data will be processed {"plugin_slug":"redux-framework","message":"Installing"} []
[2020-08-30 12:22:14] merlin-logger.DEBUG: A plugin with the following data will be processed {"plugin_slug":"redux-framework","message":"Installing"} []
[2020-08-30 12:22:20] merlin-logger.DEBUG: A plugin with the following data will be processed {"plugin_slug":"meks-themeforest-smart-widget","message":"Installing"} []
[2020-08-30 12:22:36] merlin-logger.DEBUG: A plugin with the following data will be processed {"plugin_slug":"meks-themeforest-smart-widget","message":"Installing"} []
[2020-08-30 12:22:36] merlin-logger.DEBUG: A plugin with the following data will be processed {"plugin_slug":"voice-buddy","message":"Installing"} []
[2020-08-30 12:23:05] merlin-logger.DEBUG: A plugin with the following data was processed {"plugin_slug":"voice-buddy"} []
[2020-08-30 12:23:24] merlin-logger.DEBUG: The content import step has been displayed [] []
[2020-08-30 12:23:44] merlin-logger.DEBUG: The final step has been displayed [] []
